2025-06-27 10:07:00 | WARN | repo=GanacheTest | action=pull
2025-07-07 21:34:00 | WARN | repo=GanacheTest | action=commit
2025-01-03 21:38:00 | INFO | repo=GanacheTest | action=commit
2025-04-19 20:52:00 | INFO | repo=GanacheTest | action=commit
2025-04-12 20:50:00 | DEBUG | repo=GanacheTest | action=pull
2025-08-14 16:11:00 | WARN | repo=GanacheTest | action=commit
2025-10-14 14:09:00 | WARN | repo=GanacheTest | action=commit
2025-04-27 10:56:00 | WARN | repo=GanacheTest | action=commit
2025-10-01 18:37:00 | DEBUG | repo=GanacheTest | action=commit
2025-05-14 08:16:00 | INFO | repo=GanacheTest | action=commit
2025-11-11 12:23:00 | WARN | repo=GanacheTest | action=commit
2025-01-08 14:56:00 | INFO | repo=GanacheTest | action=commit
2025-06-13 15:06:00 | WARN | repo=GanacheTest | action=commit
2025-02-13 08:08:00 | INFO | repo=GanacheTest | action=commit
2025-02-02 18:47:00 | DEBUG | repo=GanacheTest | action=pull
2025-04-17 21:54:00 | INFO | repo=GanacheTest | action=test | passed=true
2025-07-07T15:31:00 | nonce=16030078795497492000
2025-10-19T10:15:00 | nonce=16165936626489661895
2025-09-11T16:29:00 | nonce=2032049810630479257
2025-04-10T20:45:00 | nonce=12610571011108114902
2025-07-12T18:29:00 | nonce=3171679688073096673
2025-04-03T18:39:00 | nonce=5666597958855092736
2025-05-01T11:59:00 | nonce=12222904280697764640
2025-07-28T14:41:00 | nonce=9394972142655896916
2025-06-07T16:58:00 | nonce=5342790755080481250
2025-06-21T10:17:00 | nonce=14781743435572024334
2025-02-08T17:54:00 | nonce=13519846584213551128
2025-04-10T14:54:00 | nonce=5445908455337898335
